Setting up watches.
Watches established.
[master 12e57bf] file change on  dimanche 31 mars 2019, 15:14:49 (UTC+0200)
 3 files changed, 5 insertions(+), 2 deletions(-)
 create mode 100644 nohup.out
 create mode 100644 nohup.sh
To https://github.com/wejd/automaticpushScript.git
   8f38587..12e57bf  master -> master
Setting up watches.
Watches established.
[master 1ca9cc0] file change on  dimanche 31 mars 2019, 15:18:52 (UTC+0200)
 2 files changed, 10 insertions(+), 3 deletions(-)
To https://github.com/wejd/automaticpushScript.git
   12e57bf..1ca9cc0  master -> master
Setting up watches.
Watches established.
[master 66d7472] file change on  dimanche 31 mars 2019, 15:22:35 (UTC+0200)
 3 files changed, 7 insertions(+), 2 deletions(-)
To https://github.com/wejd/automaticpushScript.git
   1ca9cc0..66d7472  master -> master
[master f4211a2] file change on  samedi 13 avril 2019, 23:24:04 (UTC+0200)
 2 files changed, 3 insertions(+), 1 deletion(-)
To https://github.com/wejd/automaticpushScript.git
   9d4a253..f4211a2  master -> master
Désolé, essayez de nouveau.
Failed to open output file /home/wejd/Bureau/Bureau/gitAutomaticPush/nohup.out
[master 4430d79] file change on  samedi 13 avril 2019, 23:26:01 (UTC+0200)
 2 files changed, 7 insertions(+), 1 deletion(-)
Failed to open output file /home/wejd/Bureau/Bureau/gitAutomaticPush/nohup.out
To https://github.com/wejd/automaticpushScript.git
   f4211a2..4430d79  master -> master
Failed to open output file /home/wejd/Bureau/Bureau/gitAutomaticPush/nohup.out
[master f5ec605] file change on  samedi 13 avril 2019, 23:30:16 (UTC+0200)
 3 files changed, 8 insertions(+), 1 deletion(-)
 mode change 100644 => 100755 nohup.out
To https://github.com/wejd/automaticpushScript.git
   4430d79..f5ec605  master -> master
